  pch.cpp
  ConsoleApplication1.cpp
c:\users\administrator\source\repos\consoleapplication1\consoleapplication1\consoleapplication1.cpp(34): warning C4305: “参数”: 从“int”到“const _Elem”截断
          with
          [
              _Elem=char
          ]
c:\users\administrator\source\repos\consoleapplication1\consoleapplication1\consoleapplication1.cpp(34): warning C4309: “参数”: 截断常量值
c:\users\administrator\source\repos\consoleapplication1\consoleapplication1\consoleapplication1.cpp(104): warning C4018: “<”: 有符号/无符号不匹配
c:\users\administrator\source\repos\consoleapplication1\consoleapplication1\consoleapplication1.cpp(106): warning C4018: “<”: 有符号/无符号不匹配
c:\users\administrator\source\repos\consoleapplication1\consoleapplication1\consoleapplication1.cpp(168): warning C4018: “<”: 有符号/无符号不匹配
c:\users\administrator\source\repos\consoleapplication1\consoleapplication1\consoleapplication1.cpp(177): warning C4018: “<”: 有符号/无符号不匹配
c:\users\administrator\source\repos\consoleapplication1\consoleapplication1\consoleapplication1.cpp(210): warning C4554: “&”: 检查运算符优先级是否存在的可能的错误；使用括号阐明优先级
c:\users\administrator\source\repos\consoleapplication1\consoleapplication1\consoleapplication1.cpp(249): warning C4018: “<”: 有符号/无符号不匹配
c:\users\administrator\source\repos\consoleapplication1\consoleapplication1\consoleapplication1.cpp(295): warning C4018: “<”: 有符号/无符号不匹配
c:\users\administrator\source\repos\consoleapplication1\consoleapplication1\consoleapplication1.cpp(346): warning C4018: “<=”: 有符号/无符号不匹配
  正在生成代码
  All 332 functions were compiled because no usable IPDB/IOBJ from previous compilation was found.
  已完成代码的生成
  ConsoleApplication1.vcxproj -> C:\Users\Administrator\source\repos\ConsoleApplication1\Release\ConsoleApplication1.exe
